<?xml version="1.0" encoding="UTF-8"?>
<!-- Generated by org.testng.reporters.JUnitXMLReporter -->
<testsuite hostname="DESKTOP-LCC7PQK" ignored="0" name="Validating IT Training Page in new Window" tests="6" failures="1" timestamp="2020-06-24T14:02:48 PDT" time="20.594" errors="0">
  <testcase name="validateAutomationTestingSelection" time="2.149" classname="com.biztech2go.TestITTrainingPage">
    <failure type="java.lang.AssertionError" message="expected [true] but found [false]">
      <![CDATA[java.lang.AssertionError: expected [true] but found [false]
at com.biztech2go.TestITTrainingPage.validateAutomationTestingSelection(TestITTrainingPage.java:82)
at java.util.ArrayList.forEach(Unknown Source)
... Removed 31 stack frames]]>
    </failure>
  </testcase> <!-- validateAutomationTestingSelection -->
  <testcase name="validateDataScienceSelection" time="0.306" classname="com.biztech2go.TestITTrainingPage"/>
  <testcase name="validateImageITTraining" time="0.089" classname="com.biztech2go.TestITTrainingPage"/>
  <testcase name="validateManuelTestingSelection" time="0.297" classname="com.biztech2go.TestITTrainingPage"/>
  <testcase name="validateSAPSelection" time="0.318" classname="com.biztech2go.TestITTrainingPage"/>
  <testcase name="verifyITTrainingPageTitle" time="0.044" classname="com.biztech2go.TestITTrainingPage"/>
</testsuite> <!-- Validating IT Training Page in new Window -->
